****************************************
Report : timing
	-path_type full
	-delay_type max
	-slack_lesser_than 999.00
	-max_paths 10
	-sort_by slack
Design : CHIP
Version: U-2022.12
Date   : Wed May 27 01:00:08 2026
****************************************


  Startpoint: LK_in/M2/s1_P2_reg[1]
               (rising edge-triggered flip-flop clocked by clk)
  Endpoint: LK_in/M2/s2_result_reg[31]
               (rising edge-triggered flip-flop clocked by clk)
  Last common pin: LK_in/CTS_ccl_a_INV_clk_G0_L4_2/O
  Path Group: clk
  Path Type: max

  Point                                                  Incr       Path
  -----------------------------------------------------------------------------
  clock clk (rise edge)                                  0.00       0.00
  clock network delay (propagated)                       0.51 *     0.51
  LK_in/M2/s1_P2_reg[1]/CK (QDFFRBN)                     0.00       0.51 r
  LK_in/M2/s1_P2_reg[1]/Q (QDFFRBN)                      0.44 *     0.94 r
  LK_in/M2/U305/O (AN2)                                  0.25 *     1.19 r
  LK_in/M2/U638/O (NR2)                                  0.11 *     1.30 f
  LK_in/M2/U157/CO (FA1S)                                0.53 *     1.83 f
  LK_in/M2/intadd_143/U22/CO (FA1S)                      0.48 *     2.32 f
  LK_in/M2/intadd_143/U21/CO (FA1S)                      0.49 *     2.81 f
  LK_in/M2/intadd_143/U20/CO (FA1)                       0.38 *     3.19 f
  LK_in/M2/intadd_143/U19/CO (FA1)                       0.35 *     3.54 f
  LK_in/M2/intadd_143/U18/CO (FA1)                       0.35 *     3.88 f
  LK_in/M2/intadd_143/U17/CO (FA1)                       0.35 *     4.23 f
  LK_in/M2/intadd_143/U16/CO (FA1)                       0.35 *     4.58 f
  LK_in/M2/intadd_143/U15/CO (FA1)                       0.35 *     4.93 f
  LK_in/M2/intadd_143/U14/CO (FA1)                       0.35 *     5.28 f
  LK_in/M2/intadd_143/U13/CO (FA1)                       0.35 *     5.62 f
  LK_in/M2/intadd_143/U12/CO (FA1)                       0.35 *     5.97 f
  LK_in/M2/intadd_143/U11/CO (FA1)                       0.35 *     6.32 f
  LK_in/M2/U654/CO (FA1)                                 0.36 *     6.67 f
  LK_in/M2/U655/CO (FA1)                                 0.36 *     7.03 f
  LK_in/M2/intadd_143/U8/CO (FA1)                        0.35 *     7.39 f
  LK_in/M2/intadd_143/U7/CO (FA1)                        0.36 *     7.74 f
  LK_in/M2/intadd_143/U6/CO (FA1)                        0.35 *     8.10 f
  LK_in/M2/intadd_143/U5/CO (FA1)                        0.35 *     8.45 f
  LK_in/M2/intadd_143/U4/CO (FA1)                        0.35 *     8.80 f
  LK_in/M2/intadd_143/U3/CO (FA1)                        0.35 *     9.15 f
  LK_in/M2/intadd_143/U2/CO (FA1)                        0.35 *     9.50 f
  LK_in/M2/U223/O (MOAI1)                                0.26 *     9.76 f
  LK_in/M2/U59/O (MOAI1S)                                0.62 *    10.38 r
  LK_in/M2/s2_result_reg[31]/D (QDFFRBN)                 0.00 *    10.38 r
  data arrival time                                                10.38

  clock clk (rise edge)                                 10.00      10.00
  clock network delay (propagated)                       0.73 *    10.73
  clock reconvergence pessimism                          0.00      10.73
  clock uncertainty                                     -0.10      10.63
  LK_in/M2/s2_result_reg[31]/CK (QDFFRBN)                          10.63 r
  library setup time                                    -0.24 *    10.39
  data required time                                               10.39
  -----------------------------------------------------------------------------
  data required time                                               10.39
  data arrival time                                               -10.38
  -----------------------------------------------------------------------------
  slack (MET)                                                       0.01


  Startpoint: LK_in/M1/s1_P2_reg[1]
               (rising edge-triggered flip-flop clocked by clk)
  Endpoint: LK_in/M1/s2_result_reg[31]
               (rising edge-triggered flip-flop clocked by clk)
  Last common pin: LK_in/CTS_ccl_a_INV_clk_G0_L2_1/O
  Path Group: clk
  Path Type: max

  Point                                                  Incr       Path
  -----------------------------------------------------------------------------
  clock clk (rise edge)                                  0.00       0.00
  clock network delay (propagated)                       0.49 *     0.49
  LK_in/M1/s1_P2_reg[1]/CK (QDFFRBN)                     0.00       0.49 r
  LK_in/M1/s1_P2_reg[1]/Q (QDFFRBN)                      0.44 *     0.94 r
  LK_in/M1/U279/O (AN2)                                  0.25 *     1.18 r
  LK_in/M1/U628/O (NR2)                                  0.11 *     1.30 f
  LK_in/M1/intadd_37/U23/CO (FA1S)                       0.53 *     1.82 f
  LK_in/M1/intadd_37/U22/CO (FA1S)                       0.47 *     2.29 f
  LK_in/M1/intadd_37/U21/CO (FA1S)                       0.50 *     2.79 f
  LK_in/M1/intadd_37/U20/CO (FA1)                        0.38 *     3.17 f
  LK_in/M1/intadd_37/U19/CO (FA1)                        0.35 *     3.52 f
  LK_in/M1/intadd_37/U18/CO (FA1)                        0.36 *     3.88 f
  LK_in/M1/intadd_37/U17/CO (FA1)                        0.36 *     4.24 f
  LK_in/M1/intadd_37/U16/CO (FA1)                        0.36 *     4.61 f
  LK_in/M1/intadd_37/U15/CO (FA1)                        0.37 *     4.98 f
  LK_in/M1/intadd_37/U14/CO (FA1)                        0.37 *     5.34 f
  LK_in/M1/intadd_37/U13/CO (FA1)                        0.36 *     5.71 f
  LK_in/M1/intadd_37/U12/CO (FA1)                        0.35 *     6.06 f
  LK_in/M1/U650/CO (FA1)                                 0.35 *     6.41 f
  LK_in/M1/U649/CO (FA1)                                 0.35 *     6.76 f
  LK_in/M1/U651/CO (FA1)                                 0.35 *     7.11 f
  LK_in/M1/intadd_37/U8/CO (FA1)                         0.35 *     7.46 f
  LK_in/M1/intadd_37/U7/CO (FA1)                         0.35 *     7.81 f
  LK_in/M1/intadd_37/U6/CO (FA1)                         0.36 *     8.17 f
  LK_in/M1/intadd_37/U5/CO (FA1)                         0.35 *     8.52 f
  LK_in/M1/intadd_37/U4/CO (FA1)                         0.35 *     8.87 f
  LK_in/M1/intadd_37/U3/CO (FA1)                         0.35 *     9.21 f
  LK_in/M1/intadd_37/U2/CO (FA1)                         0.34 *     9.56 f
  LK_in/M1/U198/O (MOAI1)                                0.26 *     9.82 f
  LK_in/M1/U45/O (MOAI1S)                                0.51 *    10.33 r
  LK_in/M1/s2_result_reg[31]/D (QDFFRBN)                 0.00 *    10.33 r
  data arrival time                                                10.33

  clock clk (rise edge)                                 10.00      10.00
  clock network delay (propagated)                       0.73 *    10.73
  clock reconvergence pessimism                          0.00      10.73
  clock uncertainty                                     -0.10      10.63
  LK_in/M1/s2_result_reg[31]/CK (QDFFRBN)                          10.63 r
  library setup time                                    -0.22 *    10.41
  data required time                                               10.41
  -----------------------------------------------------------------------------
  data required time                                               10.41
  data arrival time                                               -10.33
  -----------------------------------------------------------------------------
  slack (MET)                                                       0.08


  Startpoint: LK_in/M5/s1_P0_reg[9]
               (rising edge-triggered flip-flop clocked by clk)
  Endpoint: LK_in/M5/s2_result_reg[31]
               (rising edge-triggered flip-flop clocked by clk)
  Last common pin: LK_in/CTS_ccl_a_INV_clk_G0_L2_1/O
  Path Group: clk
  Path Type: max

  Point                                                  Incr       Path
  -----------------------------------------------------------------------------
  clock clk (rise edge)                                  0.00       0.00
  clock network delay (propagated)                       0.50 *     0.50
  LK_in/M5/s1_P0_reg[9]/CK (QDFFRBN)                     0.00       0.50 r
  LK_in/M5/s1_P0_reg[9]/Q (QDFFRBN)                      0.44 *     0.93 r
  LK_in/M5/U271/O (AN2)                                  0.24 *     1.18 r
  LK_in/M5/U623/O (NR2)                                  0.11 *     1.29 f
  LK_in/M5/U643/CO (FA1S)                                0.52 *     1.81 f
  LK_in/M5/intadd_74/U22/CO (FA1S)                       0.47 *     2.29 f
  LK_in/M5/intadd_74/U21/CO (FA1S)                       0.48 *     2.77 f
  LK_in/M5/intadd_74/U20/CO (FA1S)                       0.49 *     3.26 f
  LK_in/M5/intadd_74/U19/CO (FA1)                        0.37 *     3.63 f
  LK_in/M5/intadd_74/U18/CO (FA1)                        0.35 *     3.98 f
  LK_in/M5/intadd_74/U17/CO (FA1)                        0.35 *     4.33 f
  LK_in/M5/intadd_74/U16/CO (FA1)                        0.35 *     4.68 f
  LK_in/M5/intadd_74/U15/CO (FA1)                        0.36 *     5.04 f
  LK_in/M5/intadd_74/U14/CO (FA1)                        0.38 *     5.42 f
  LK_in/M5/intadd_74/U13/CO (FA1)                        0.36 *     5.79 f
  LK_in/M5/intadd_74/U12/CO (FA1)                        0.35 *     6.14 f
  LK_in/M5/intadd_74/U11/CO (FA1)                        0.35 *     6.49 f
  LK_in/M5/U644/CO (FA1)                                 0.35 *     6.83 f
  LK_in/M5/U645/CO (FA1)                                 0.34 *     7.18 f
  LK_in/M5/intadd_74/U8/CO (FA1)                         0.35 *     7.52 f
  LK_in/M5/intadd_74/U7/CO (FA1)                         0.35 *     7.87 f
  LK_in/M5/intadd_74/U6/CO (FA1)                         0.35 *     8.22 f
  LK_in/M5/intadd_74/U5/CO (FA1)                         0.35 *     8.56 f
  LK_in/M5/intadd_74/U4/CO (FA1)                         0.35 *     8.91 f
  LK_in/M5/intadd_74/U3/CO (FA1)                         0.35 *     9.26 f
  LK_in/M5/intadd_74/U2/CO (FA1)                         0.35 *     9.61 f
  LK_in/M5/U189/O (MOAI1)                                0.27 *     9.88 f
  LK_in/M5/U41/O (MOAI1)                                 0.25 *    10.13 f
  LK_in/M5/FE_PHC3216_N99/O (BUF1CK)                     0.15 *    10.29 f
  LK_in/M5/s2_result_reg[31]/D (QDFFRBN)                 0.00 *    10.29 f
  data arrival time                                                10.29

  clock clk (rise edge)                                 10.00      10.00
  clock network delay (propagated)                       0.73 *    10.73
  clock reconvergence pessimism                          0.00      10.73
  clock uncertainty                                     -0.10      10.63
  LK_in/M5/s2_result_reg[31]/CK (QDFFRBN)                          10.63 r
  library setup time                                    -0.16 *    10.47
  data required time                                               10.47
  -----------------------------------------------------------------------------
  data required time                                               10.47
  data arrival time                                               -10.29
  -----------------------------------------------------------------------------
  slack (MET)                                                       0.19


  Startpoint: LK_in/a_reg_reg[0]
               (rising edge-triggered flip-flop clocked by clk)
  Endpoint: LK_in/IxIy_reg[21]
               (rising edge-triggered flip-flop clocked by clk)
  Last common pin: LK_in/CTS_ccl_a_INV_clk_G0_L2_1/O
  Path Group: clk
  Path Type: max

  Point                                            Incr       Path
  -----------------------------------------------------------------------
  clock clk (rise edge)                            0.00       0.00
  clock network delay (propagated)                 0.48 *     0.48
  LK_in/a_reg_reg[0]/CK (QDFFRBT)                  0.00       0.48 r
  LK_in/a_reg_reg[0]/Q (QDFFRBT)                   0.51 *     1.00 f
  LK_in/FE_RC_71_0/O (XNR2HS)                      0.19 *     1.18 f
  LK_in/FE_OFC2460_n4113/O (INV3)                  0.16 *     1.35 r
  LK_in/FE_OFC2679_n4113/O (INV2)                  0.14 *     1.48 f
  LK_in/FE_OFC2681_n4113/O (INV1S)                 0.27 *     1.75 r
  LK_in/FE_OFC2683_n4113/O (BUF1)                  0.25 *     2.00 r
  LK_in/U5140/O (ND2S)                             0.12 *     2.12 f
  LK_in/U5141/O (MOAI1S)                           0.37 *     2.49 f
  LK_in/intadd_12/U8/S (FA1S)                      0.71 *     3.20 r
  LK_in/intadd_27/U5/S (FA1S)                      0.56 *     3.76 f
  LK_in/intadd_13/U6/CO (FA1S)                     0.54 *     4.30 f
  LK_in/intadd_13/U5/CO (FA1)                      0.40 *     4.70 f
  LK_in/intadd_13/U4/S (FA1)                       0.34 *     5.03 f
  LK_in/U4184/O (OR2)                              0.25 *     5.28 f
  LK_in/U4185/O (AOI22S)                           0.30 *     5.59 r
  LK_in/U4187/O (MOAI1)                            0.19 *     5.77 f
  LK_in/U4188/O (NR2)                              0.22 *     6.00 r
  LK_in/U4190/O (MOAI1H)                           0.11 *     6.10 f
  LK_in/U4209/O (NR2)                              0.18 *     6.29 r
  LK_in/FE_RC_74_0/O (MOAI1)                       0.12 *     6.40 f
  LK_in/U4213/O (MAO222P)                          0.28 *     6.69 f
  LK_in/U4214/O (MAO222)                           0.31 *     7.00 f
  LK_in/U4225/O (MAO222)                           0.31 *     7.30 f
  LK_in/U5227/O (MAO222P)                          0.29 *     7.59 f
  LK_in/U5234/O (MAO222P)                          0.32 *     7.91 f
  LK_in/U5238/O (ND2)                              0.14 *     8.05 r
  LK_in/FE_RC_17_0/O (ND2P)                        0.07 *     8.11 f
  LK_in/FE_RC_16_0/O (ND2P)                        0.10 *     8.21 r
  LK_in/U5242/O (MAO222)                           0.28 *     8.50 r
  LK_in/intadd_35/U2/CO (FA1)                      0.30 *     8.80 r
  LK_in/U1791/O (ND2)                              0.14 *     8.94 f
  LK_in/FE_RC_23_0/O (ND2P)                        0.11 *     9.05 r
  LK_in/FE_RC_31_0/O (ND2P)                        0.10 *     9.14 f
  LK_in/U1782/O (AN2)                              0.27 *     9.42 f
  LK_in/U3208/O (NR2P)                             0.17 *     9.59 r
  LK_in/U1767/O (ND3P)                             0.10 *     9.69 f
  LK_in/U5247/O (ND2S)                             0.14 *     9.83 r
  LK_in/FE_RC_37_0/O (MOAI1)                       0.29 *    10.13 r
  LK_in/U5249/O (OAI22H)                           0.11 *    10.24 f
  LK_in/IxIy_reg[21]/D (QDFFRBN)                   0.00 *    10.24 f
  data arrival time                                          10.24

  clock clk (rise edge)                           10.00      10.00
  clock network delay (propagated)                 0.72 *    10.72
  clock reconvergence pessimism                    0.00      10.72
  clock uncertainty                               -0.10      10.62
  LK_in/IxIy_reg[21]/CK (QDFFRBN)                            10.62 r
  library setup time                              -0.18 *    10.44
  data required time                                         10.44
  -----------------------------------------------------------------------
  data required time                                         10.44
  data arrival time                                         -10.24
  -----------------------------------------------------------------------
  slack (MET)                                                 0.20


  Startpoint: LK_in/M4/s1_P2_reg[1]
               (rising edge-triggered flip-flop clocked by clk)
  Endpoint: LK_in/M4/s2_result_reg[31]
               (rising edge-triggered flip-flop clocked by clk)
  Last common pin: LK_in/CTS_ccl_a_INV_clk_G0_L4_1/O
  Path Group: clk
  Path Type: max

  Point                                                  Incr       Path
  -----------------------------------------------------------------------------
  clock clk (rise edge)                                  0.00       0.00
  clock network delay (propagated)                       0.50 *     0.50
  LK_in/M4/s1_P2_reg[1]/CK (QDFFRBN)                     0.00       0.50 r
  LK_in/M4/s1_P2_reg[1]/Q (QDFFRBN)                      0.44 *     0.94 r
  LK_in/M4/U272/O (AN2)                                  0.24 *     1.19 r
  LK_in/M4/U621/O (NR2)                                  0.11 *     1.30 f
  LK_in/M4/U136/CO (FA1S)                                0.52 *     1.82 f
  LK_in/M4/intadd_97/U22/CO (FA1S)                       0.49 *     2.31 f
  LK_in/M4/intadd_97/U21/CO (FA1S)                       0.51 *     2.82 f
  LK_in/M4/intadd_97/U20/CO (FA1)                        0.38 *     3.21 f
  LK_in/M4/intadd_97/U19/CO (FA1)                        0.36 *     3.56 f
  LK_in/M4/intadd_97/U18/CO (FA1)                        0.35 *     3.91 f
  LK_in/M4/intadd_97/U17/CO (FA1)                        0.36 *     4.27 f
  LK_in/M4/intadd_97/U16/CO (FA1)                        0.36 *     4.63 f
  LK_in/M4/intadd_97/U15/CO (FA1)                        0.36 *     4.99 f
  LK_in/M4/intadd_97/U14/CO (FA1)                        0.36 *     5.36 f
  LK_in/M4/intadd_97/U13/CO (FA1)                        0.37 *     5.73 f
  LK_in/M4/intadd_97/U12/CO (FA1)                        0.37 *     6.10 f
  LK_in/M4/U642/CO (FA1)                                 0.35 *     6.45 f
  LK_in/M4/U641/CO (FA1)                                 0.35 *     6.80 f
  LK_in/M4/U643/CO (FA1)                                 0.35 *     7.15 f
  LK_in/M4/intadd_97/U8/CO (FA1)                         0.35 *     7.49 f
  LK_in/M4/intadd_97/U7/CO (FA1)                         0.34 *     7.84 f
  LK_in/M4/intadd_97/U6/CO (FA1)                         0.34 *     8.18 f
  LK_in/M4/intadd_97/U5/CO (FA1)                         0.35 *     8.53 f
  LK_in/M4/intadd_97/U4/CO (FA1)                         0.35 *     8.88 f
  LK_in/M4/intadd_97/U3/CO (FA1)                         0.35 *     9.23 f
  LK_in/M4/intadd_97/U2/CO (FA1)                         0.35 *     9.58 f
  LK_in/M4/U183/O (MOAI1)                                0.28 *     9.86 f
  LK_in/M4/U34/O (MOAI1)                                 0.26 *    10.12 f
  LK_in/M4/FE_PHC3200_N99/O (BUF1CK)                     0.15 *    10.26 f
  LK_in/M4/s2_result_reg[31]/D (QDFFRBN)                 0.00 *    10.26 f
  data arrival time                                                10.26

  clock clk (rise edge)                                 10.00      10.00
  clock network delay (propagated)                       0.73 *    10.73
  clock reconvergence pessimism                          0.00      10.73
  clock uncertainty                                     -0.10      10.63
  LK_in/M4/s2_result_reg[31]/CK (QDFFRBN)                          10.63 r
  library setup time                                    -0.16 *    10.47
  data required time                                               10.47
  -----------------------------------------------------------------------------
  data required time                                               10.47
  data arrival time                                               -10.26
  -----------------------------------------------------------------------------
  slack (MET)                                                       0.21


  Startpoint: LK_in/M6/s2_result_reg[2]
               (rising edge-triggered flip-flop clocked by clk)
  Endpoint: LK_in/Vout_reg[6]
               (rising edge-triggered flip-flop clocked by clk)
  Last common pin: LK_in/CTS_ccl_a_INV_clk_G0_L2_1/O
  Path Group: clk
  Path Type: max

  Point                                                                                                                                                        Incr       Path
  -----------------------------------------------------------------------------------------------------------------------------------------------------------------------------------
  clock clk (rise edge)                                                                                                                                        0.00       0.00
  clock network delay (propagated)                                                                                                                             0.49 *     0.49
  LK_in/M6/s2_result_reg[2]/CK (QDFFRBN)                                                                                                                       0.00       0.49 r
  LK_in/M6/s2_result_reg[2]/Q (QDFFRBN)                                                                                                                        0.41 *     0.91 r
  LK_in/U2478/O (INV1S)                                                                                                                                        0.14 *     1.05 f
  LK_in/U3005/O (NR2)                                                                                                                                          0.29 *     1.34 r
  LK_in/U4626/O (AOI12HS)                                                                                                                                      0.16 *     1.50 f
  LK_in/U4632/O (OAI12H)                                                                                                                                       0.24 *     1.74 r
  LK_in/FE_RC_12_1/O (AOI12H)                                                                                                                                  0.15 *     1.89 f
  LK_in/U4640/O (OAI12H)                                                                                                                                       0.20 *     2.09 r
  LK_in/U4643/O (AOI12HS)                                                                                                                                      0.19 *     2.28 f
  LK_in/U2449/O (OAI12H)                                                                                                                                       0.22 *     2.50 r
  LK_in/U4650/O (AOI12HS)                                                                                                                                      0.19 *     2.69 f
  LK_in/U4655/O (OAI12H)                                                                                                                                       0.24 *     2.93 r
  LK_in/U1847/O (AOI12H)                                                                                                                                       0.15 *     3.08 f
  LK_in/U4662/O (OAI12H)                                                                                                                                       0.22 *     3.30 r
  LK_in/U4665/O (AOI12H)                                                                                                                                       0.15 *     3.45 f
  LK_in/U4670/O (OAI12H)                                                                                                                                       0.22 *     3.68 r
  LK_in/U4673/O (AOI12H)                                                                                                                                       0.14 *     3.82 f
  LK_in/U4678/O (OAI12H)                                                                                                                                       0.23 *     4.05 r
  LK_in/U4681/O (AOI12H)                                                                                                                                       0.15 *     4.20 f
  LK_in/U4686/O (OAI12H)                                                                                                                                       0.23 *     4.42 r
  LK_in/U4689/O (AOI12H)                                                                                                                                       0.15 *     4.57 f
  LK_in/U4694/O (OAI12H)                                                                                                                                       0.22 *     4.79 r
  LK_in/U4697/O (AOI12H)                                                                                                                                       0.15 *     4.94 f
  LK_in/U4702/O (OAI12H)                                                                                                                                       0.23 *     5.16 r
  LK_in/U4706/O (AOI12H)                                                                                                                                       0.15 *     5.31 f
  LK_in/U4711/O (OAI12H)                                                                                                                                       0.22 *     5.53 r
  LK_in/U4714/O (AOI12H)                                                                                                                                       0.14 *     5.68 f
  LK_in/U4719/O (OAI12H)                                                                                                                                       0.23 *     5.91 r
  LK_in/U4722/O (AOI12H)                                                                                                                                       0.15 *     6.06 f
  LK_in/U4727/O (OAI12H)                                                                                                                                       0.21 *     6.26 r
  LK_in/U2452/O (AOI12HS)                                                                                                                                      0.17 *     6.43 f
  LK_in/U4734/O (OAI12HS)                                                                                                                                      0.27 *     6.70 r
  LK_in/U4738/O (AO12)                                                                                                                                         0.24 *     6.94 r
  LK_in/U4739/S (FA1S)                                                                                                                                         0.48 *     7.42 f
  LK_in/U4740/O (MUX2)                                                                                                                                         0.29 *     7.71 f
  LK_in/L1/recursive_case.LOD_right/recursive_case.LOD_left/recursive_case.LOD_left/recursive_case.LOD_left/recursive_case.LOD_left/U2/O (OR2)                 0.23 *     7.95 f
  LK_in/L1/recursive_case.LOD_right/recursive_case.LOD_left/recursive_case.LOD_left/recursive_case.LOD_left/U1/O (OR2)                                         0.26 *     8.21 f
  LK_in/L1/recursive_case.LOD_right/recursive_case.LOD_left/recursive_case.LOD_left/U1/O (OR2)                                                                 0.29 *     8.50 f
  LK_in/L1/recursive_case.LOD_right/recursive_case.LOD_left/U1/O (OR2T)                                                                                        0.26 *     8.76 f
  LK_in/L1/recursive_case.LOD_right/U1/O (OR2T)                                                                                                                0.25 *     9.01 f
  LK_in/U1569/O (ND2T)                                                                                                                                         0.12 *     9.13 r
  LK_in/U2927/O (MUXB2P)                                                                                                                                       0.08 *     9.21 f
  LK_in/U1761/O (INV2)                                                                                                                                         0.11 *     9.32 r
  LK_in/U2993/O (MUXB2T)                                                                                                                                       0.12 *     9.44 f
  LK_in/U2997/O (ND2F)                                                                                                                                         0.15 *     9.60 r
  LK_in/FE_OFC2731_n3867/O (BUF1CK)                                                                                                                            0.19 *     9.78 r
  LK_in/U3002/O (OA222)                                                                                                                                        0.39 *    10.17 r
  LK_in/U3003/O (INV1S)                                                                                                                                        0.09 *    10.26 f
  LK_in/Vout_reg[6]/D (QDFFRBN)                                                                                                                                0.00 *    10.26 f
  data arrival time                                                                                                                                                      10.26

  clock clk (rise edge)                                                                                                                                       10.00      10.00
  clock network delay (propagated)                                                                                                                             0.73 *    10.73
  clock reconvergence pessimism                                                                                                                                0.00      10.73
  clock uncertainty                                                                                                                                           -0.10      10.63
  LK_in/Vout_reg[6]/CK (QDFFRBN)                                                                                                                                         10.63 r
  library setup time                                                                                                                                          -0.16 *    10.47
  data required time                                                                                                                                                     10.47
  -----------------------------------------------------------------------------------------------------------------------------------------------------------------------------------
  data required time                                                                                                                                                     10.47
  data arrival time                                                                                                                                                     -10.26
  -----------------------------------------------------------------------------------------------------------------------------------------------------------------------------------
  slack (MET)                                                                                                                                                             0.21


  Startpoint: LK_in/shift_amount_reg_reg[0]
               (rising edge-triggered flip-flop clocked by clk)
  Endpoint: LK_in/M4/R_73
               (rising edge-triggered flip-flop clocked by clk)
  Last common pin: LK_in/CTS_ccl_a_INV_clk_G0_L2_1/O
  Path Group: clk
  Path Type: max

  Point                                                        Incr       Path
  -----------------------------------------------------------------------------------
  clock clk (rise edge)                                        0.00       0.00
  clock network delay (propagated)                             0.49 *     0.49
  LK_in/shift_amount_reg_reg[0]/CK (QDFFRBP)                   0.00       0.49 r
  LK_in/shift_amount_reg_reg[0]/Q (QDFFRBP)                    0.47 *     0.97 f
  LK_in/FE_OFC2573_shift_amount_reg_0/O (INV2)                 0.10 *     1.06 r
  LK_in/U2554/O (OR2)                                          0.19 *     1.25 r
  LK_in/FE_OFC1772_n1710/O (INV2)                              0.09 *     1.34 f
  LK_in/FE_OFC2556_n1710/O (INV1S)                             0.21 *     1.54 r
  LK_in/FE_OFC2762_FE_OFN479_n1710/O (BUF1)                    0.29 *     1.83 r
  LK_in/FE_OFC2763_FE_OFN479_n1710/O (BUF1)                    0.28 *     2.11 r
  LK_in/U3342/O (OAI22S)                                       0.13 *     2.24 f
  LK_in/U3344/O (NR2)                                          0.38 *     2.62 r
  LK_in/U3348/O (AOI22S)                                       0.22 *     2.84 f
  LK_in/U3351/O (ND3P)                                         0.40 *     3.24 r
  LK_in/FE_OFC2919_IxIy_shift_3/O (INV2)                       0.11 *     3.35 f
  LK_in/FE_OFC2921_IxIy_shift_3/O (INV3)                       0.14 *     3.48 r
  LK_in/FE_OFC2113_IxIy_shift_3/O (INV2)                       0.11 *     3.59 f
  LK_in/FE_OFC2115_IxIy_shift_3/O (INV2)                       0.13 *     3.73 r
  LK_in/M4/FE_OFC2117_IxIy_shift_3/O (INV1S)                   0.20 *     3.92 f
  LK_in/M4/FE_OFC2119_IxIy_shift_3/O (INV1S)                   0.43 *     4.35 r
  LK_in/M4/FE_OFC2120_IxIy_shift_3/O (INV1S)                   0.31 *     4.66 f
  LK_in/M4/U350/O (NR2)                                        0.22 *     4.87 r
  LK_in/M4/U351/S (FA1S)                                       0.55 *     5.42 f
  LK_in/M4/intadd_112/U3/S (FA1S)                              0.69 *     6.11 r
  LK_in/M4/intadd_113/U2/S (FA1S)                              0.59 *     6.70 f
  LK_in/M4/intadd_101/U8/CO (FA1)                              0.44 *     7.14 f
  LK_in/M4/intadd_101/U7/CO (FA1)                              0.37 *     7.51 f
  LK_in/M4/intadd_101/U6/CO (FA1)                              0.36 *     7.86 f
  LK_in/M4/intadd_101/U5/CO (FA1)                              0.35 *     8.22 f
  LK_in/M4/intadd_101/U4/CO (FA1)                              0.35 *     8.57 f
  LK_in/M4/intadd_101/U3/CO (FA1)                              0.36 *     8.93 f
  LK_in/M4/intadd_101/U2/CO (FA1)                              0.37 *     9.30 f
  LK_in/M4/U279/O (MAOI1)                                      0.28 *     9.58 f
  LK_in/M4/U280/O (MOAI1)                                      0.31 *     9.89 f
  LK_in/M4/U281/CO (FA1)                                       0.36 *    10.25 f
  LK_in/M4/R_73/D (QDFFRBN)                                    0.00 *    10.25 f
  data arrival time                                                      10.25

  clock clk (rise edge)                                       10.00      10.00
  clock network delay (propagated)                             0.72 *    10.72
  clock reconvergence pessimism                                0.00      10.72
  clock uncertainty                                           -0.10      10.62
  LK_in/M4/R_73/CK (QDFFRBN)                                             10.62 r
  library setup time                                          -0.16 *    10.46
  data required time                                                     10.46
  -----------------------------------------------------------------------------------
  data required time                                                     10.46
  data arrival time                                                     -10.25
  -----------------------------------------------------------------------------------
  slack (MET)                                                             0.21


  Startpoint: LK_in/shift_amount_reg_reg[0]
               (rising edge-triggered flip-flop clocked by clk)
  Endpoint: LK_in/H1/s1_P0_reg[17]
               (rising edge-triggered flip-flop clocked by clk)
  Last common pin: LK_in/CTS_ccl_a_INV_clk_G0_L2_1/O
  Path Group: clk
  Path Type: max

  Point                                                        Incr       Path
  -----------------------------------------------------------------------------------
  clock clk (rise edge)                                        0.00       0.00
  clock network delay (propagated)                             0.49 *     0.49
  LK_in/shift_amount_reg_reg[0]/CK (QDFFRBP)                   0.00       0.49 r
  LK_in/shift_amount_reg_reg[0]/Q (QDFFRBP)                    0.47 *     0.97 f
  LK_in/FE_OFC2573_shift_amount_reg_0/O (INV2)                 0.10 *     1.06 r
  LK_in/U2554/O (OR2)                                          0.19 *     1.25 r
  LK_in/FE_OFC1772_n1710/O (INV2)                              0.09 *     1.34 f
  LK_in/FE_OFC2555_n1710/O (INV4)                              0.10 *     1.43 r
  LK_in/FE_OCPC14_FE_OFN478_n1710/O (BUF4CK)                   0.18 *     1.61 r
  LK_in/FE_OFC2562_n1710/O (BUF1CK)                            0.23 *     1.84 r
  LK_in/FE_OFC2737_FE_DBTN16_n1710/O (BUF1CK)                  0.21 *     2.06 r
  LK_in/U3719/O (OAI22S)                                       0.11 *     2.17 f
  LK_in/U3721/O (NR2)                                          0.31 *     2.47 r
  LK_in/U4294/O (AOI22S)                                       0.11 *     2.58 f
  LK_in/U4295/O (OA12)                                         0.25 *     2.83 f
  LK_in/U1583/O (AN3)                                          0.28 *     3.10 f
  LK_in/FE_OFC2591_Ix2_shift_3/O (INV2)                        0.14 *     3.25 r
  LK_in/FE_OFC2593_Ix2_shift_3/O (BUF2)                        0.22 *     3.47 r
  LK_in/H1/U308/O (OR2T)                                       0.18 *     3.65 r
  LK_in/H1/U14/O (ND2)                                         0.12 *     3.77 f
  LK_in/H1/U99/O (NR2)                                         0.19 *     3.96 r
  LK_in/H1/U313/O (ND2)                                        0.15 *     4.11 f
  LK_in/H1/U96/O (OAI112H)                                     0.30 *     4.41 r
  LK_in/H1/U7/O (INV1S)                                        0.15 *     4.56 f
  LK_in/H1/U55/O (XOR2HS)                                      0.20 *     4.75 f
  LK_in/H1/FE_OFC664_n654/O (BUF1)                             0.27 *     5.02 f
  LK_in/H1/U205/O (ND2)                                        0.20 *     5.23 r
  LK_in/H1/U674/O (NR2P)                                       0.13 *     5.36 f
  LK_in/H1/U681/O (NR2)                                        0.18 *     5.54 r
  LK_in/H1/U682/O (XOR3)                                       0.33 *     5.87 f
  LK_in/H1/intadd_60/U10/CO (FA1S)                             0.51 *     6.38 f
  LK_in/H1/intadd_60/U9/CO (FA1S)                              0.49 *     6.87 f
  LK_in/H1/intadd_60/U8/CO (FA1S)                              0.50 *     7.37 f
  LK_in/H1/intadd_60/U7/CO (FA1S)                              0.50 *     7.88 f
  LK_in/H1/intadd_60/U6/CO (FA1)                               0.38 *     8.25 f
  LK_in/H1/intadd_60/U5/CO (FA1)                               0.34 *     8.59 f
  LK_in/H1/intadd_60/U4/CO (FA1S)                              0.46 *     9.06 f
  LK_in/H1/intadd_60/U3/CO (FA1S)                              0.52 *     9.57 f
  LK_in/H1/intadd_60/U2/CO (FA1)                               0.41 *     9.98 f
  LK_in/H1/U485/O (OR2)                                        0.22 *    10.21 f
  LK_in/H1/s1_P0_reg[17]/D (QDFFRBN)                           0.00 *    10.21 f
  data arrival time                                                      10.21

  clock clk (rise edge)                                       10.00      10.00
  clock network delay (propagated)                             0.71 *    10.71
  clock reconvergence pessimism                                0.00      10.71
  clock uncertainty                                           -0.10      10.61
  LK_in/H1/s1_P0_reg[17]/CK (QDFFRBN)                                    10.61 r
  library setup time                                          -0.16 *    10.45
  data required time                                                     10.45
  -----------------------------------------------------------------------------------
  data required time                                                     10.45
  data arrival time                                                     -10.21
  -----------------------------------------------------------------------------------
  slack (MET)                                                             0.24


  Startpoint: LK_in/a_reg_reg[0]
               (rising edge-triggered flip-flop clocked by clk)
  Endpoint: LK_in/IxIy_reg[22]
               (rising edge-triggered flip-flop clocked by clk)
  Last common pin: LK_in/CTS_ccl_a_INV_clk_G0_L2_1/O
  Path Group: clk
  Path Type: max

  Point                                            Incr       Path
  -----------------------------------------------------------------------
  clock clk (rise edge)                            0.00       0.00
  clock network delay (propagated)                 0.48 *     0.48
  LK_in/a_reg_reg[0]/CK (QDFFRBT)                  0.00       0.48 r
  LK_in/a_reg_reg[0]/Q (QDFFRBT)                   0.51 *     1.00 f
  LK_in/FE_RC_71_0/O (XNR2HS)                      0.19 *     1.18 f
  LK_in/FE_OFC2460_n4113/O (INV3)                  0.16 *     1.35 r
  LK_in/FE_OFC2679_n4113/O (INV2)                  0.14 *     1.48 f
  LK_in/FE_OFC2681_n4113/O (INV1S)                 0.27 *     1.75 r
  LK_in/FE_OFC2683_n4113/O (BUF1)                  0.25 *     2.00 r
  LK_in/U5140/O (ND2S)                             0.12 *     2.12 f
  LK_in/U5141/O (MOAI1S)                           0.37 *     2.49 f
  LK_in/intadd_12/U8/S (FA1S)                      0.71 *     3.20 r
  LK_in/intadd_27/U5/S (FA1S)                      0.56 *     3.76 f
  LK_in/intadd_13/U6/CO (FA1S)                     0.54 *     4.30 f
  LK_in/intadd_13/U5/CO (FA1)                      0.40 *     4.70 f
  LK_in/intadd_13/U4/S (FA1)                       0.34 *     5.03 f
  LK_in/U4184/O (OR2)                              0.25 *     5.28 f
  LK_in/U4185/O (AOI22S)                           0.30 *     5.59 r
  LK_in/U4187/O (MOAI1)                            0.19 *     5.77 f
  LK_in/U4188/O (NR2)                              0.22 *     6.00 r
  LK_in/U4190/O (MOAI1H)                           0.11 *     6.10 f
  LK_in/U4209/O (NR2)                              0.18 *     6.29 r
  LK_in/FE_RC_74_0/O (MOAI1)                       0.12 *     6.40 f
  LK_in/U4213/O (MAO222P)                          0.28 *     6.69 f
  LK_in/U4214/O (MAO222)                           0.31 *     7.00 f
  LK_in/U4225/O (MAO222)                           0.31 *     7.30 f
  LK_in/U5227/O (MAO222P)                          0.29 *     7.59 f
  LK_in/U5234/O (MAO222P)                          0.32 *     7.91 f
  LK_in/U5238/O (ND2)                              0.14 *     8.05 r
  LK_in/FE_RC_17_0/O (ND2P)                        0.07 *     8.11 f
  LK_in/FE_RC_16_0/O (ND2P)                        0.10 *     8.21 r
  LK_in/U5242/O (MAO222)                           0.28 *     8.50 r
  LK_in/intadd_35/U2/CO (FA1)                      0.30 *     8.80 r
  LK_in/U1791/O (ND2)                              0.14 *     8.94 f
  LK_in/FE_RC_23_0/O (ND2P)                        0.11 *     9.05 r
  LK_in/FE_RC_31_0/O (ND2P)                        0.09 *     9.14 f
  LK_in/U1782/O (AN2)                              0.27 *     9.42 f
  LK_in/U3208/O (NR2P)                             0.17 *     9.59 r
  LK_in/U1767/O (ND3P)                             0.10 *     9.69 f
  LK_in/U1765/O (OAI22S)                           0.18 *     9.87 r
  LK_in/U2492/O (XNR2HS)                           0.19 *    10.06 r
  LK_in/U2501/O (MOAI1)                            0.13 *    10.19 f
  LK_in/IxIy_reg[22]/D (QDFFRBN)                   0.00 *    10.19 f
  data arrival time                                          10.19

  clock clk (rise edge)                           10.00      10.00
  clock network delay (propagated)                 0.72 *    10.72
  clock reconvergence pessimism                    0.00      10.72
  clock uncertainty                               -0.10      10.62
  LK_in/IxIy_reg[22]/CK (QDFFRBN)                            10.62 r
  library setup time                              -0.17 *    10.45
  data required time                                         10.45
  -----------------------------------------------------------------------
  data required time                                         10.45
  data arrival time                                         -10.19
  -----------------------------------------------------------------------
  slack (MET)                                                 0.25


  Startpoint: LK_in/a_reg_reg[0]
               (rising edge-triggered flip-flop clocked by clk)
  Endpoint: LK_in/IyIt_reg[22]
               (rising edge-triggered flip-flop clocked by clk)
  Last common pin: LK_in/CTS_ccl_a_INV_clk_G0_L2_1/O
  Path Group: clk
  Path Type: max

  Point                                           Incr       Path
  ----------------------------------------------------------------------
  clock clk (rise edge)                           0.00       0.00
  clock network delay (propagated)                0.48 *     0.48
  LK_in/a_reg_reg[0]/CK (QDFFRBT)                 0.00       0.48 r
  LK_in/a_reg_reg[0]/Q (QDFFRBT)                  0.51 *     1.00 f
  LK_in/FE_RC_71_0/O (XNR2HS)                     0.19 *     1.18 f
  LK_in/FE_OFC2460_n4113/O (INV3)                 0.16 *     1.35 r
  LK_in/FE_OFC2679_n4113/O (INV2)                 0.14 *     1.48 f
  LK_in/FE_OFC2682_n4113/O (INV2)                 0.13 *     1.62 r
  LK_in/FE_OFC2684_n4113/O (BUF1)                 0.21 *     1.83 r
  LK_in/U5280/O (ND2)                             0.12 *     1.95 f
  LK_in/FE_RC_38_1/O (MOAI1S)                     0.40 *     2.35 r
  LK_in/intadd_4/U8/S (FA1S)                      0.57 *     2.92 f
  LK_in/intadd_5/U7/S (FA1S)                      0.69 *     3.61 r
  LK_in/intadd_6/U6/S (FA1S)                      0.55 *     4.17 f
  LK_in/intadd_28/U3/CO (FA1)                     0.41 *     4.57 f
  LK_in/intadd_28/U2/CO (FA1)                     0.35 *     4.92 f
  LK_in/U2485/S (FA1)                             0.68 *     5.60 f
  LK_in/U3797/O (NR2)                             0.20 *     5.80 r
  LK_in/U3800/O (MOAI1H)                          0.11 *     5.90 f
  LK_in/U3801/O (NR2)                             0.16 *     6.07 r
  LK_in/U3804/O (MOAI1)                           0.13 *     6.20 f
  LK_in/U3807/O (MAO222P)                         0.30 *     6.50 f
  LK_in/U3808/O (MAO222)                          0.30 *     6.79 f
  LK_in/U3809/O (MAO222)                          0.27 *     7.06 f
  LK_in/U3810/O (MAO222P)                         0.28 *     7.34 f
  LK_in/U5341/O (MAO222P)                         0.31 *     7.66 f
  LK_in/U5345/O (ND2)                             0.10 *     7.76 r
  LK_in/FE_RC_76_0/O (ND2)                        0.09 *     7.85 f
  LK_in/FE_RC_75_0/O (OAI12HS)                    0.12 *     7.98 r
  LK_in/U5350/O (MAO222)                          0.36 *     8.33 r
  LK_in/FE_RC_38_0/O (MAO222P)                    0.31 *     8.65 r
  LK_in/U1425/O (ND2P)                            0.08 *     8.73 f
  LK_in/FE_RC_78_0/O (ND2)                        0.12 *     8.85 r
  LK_in/FE_RC_77_0/O (OAI12H)                     0.13 *     8.98 f
  LK_in/U1788/O (AN2)                             0.27 *     9.25 f
  LK_in/U2519/O (NR2)                             0.19 *     9.43 r
  LK_in/U2521/O (ND3)                             0.15 *     9.58 f
  LK_in/U2525/O (OAI22S)                          0.20 *     9.78 r
  LK_in/U2526/O (MOAI1)                           0.29 *    10.07 r
  LK_in/U2532/O (MOAI1)                           0.11 *    10.18 f
  LK_in/IyIt_reg[22]/D (QDFFRBN)                  0.00 *    10.18 f
  data arrival time                                         10.18

  clock clk (rise edge)                          10.00      10.00
  clock network delay (propagated)                0.72 *    10.72
  clock reconvergence pessimism                   0.00      10.72
  clock uncertainty                              -0.10      10.62
  LK_in/IyIt_reg[22]/CK (QDFFRBN)                           10.62 r
  library setup time                             -0.17 *    10.45
  data required time                                        10.45
  ----------------------------------------------------------------------
  data required time                                        10.45
  data arrival time                                        -10.18
  ----------------------------------------------------------------------
  slack (MET)                                                0.27

Warning: report_timing has satisfied the max_paths criteria. There are 2140 further endpoints which have paths of interest with slack less than   999.00 that were not considered when generating this report. (UITE-502)

1
