//  v2lvs v2022.3_33.19    Tue Sep 6 12:09:54 PDT 2022
//
//  Copyright (c) 1992, 1993 Regents of the University of California
//         All rights reserved.
//
//                   Copyright Siemens 1996-2022
//                       All Rights Reserved.
//   THIS WORK CONTAINS TRADE SECRET AND PROPRIETARY INFORMATION
//      WHICH IS THE PROPERTY OF MENTOR GRAPHICS CORPORATION
//        OR ITS LICENSORS AND IS SUBJECT TO LICENSE TERMS.
//
//  The registered trademark Linux is used pursuant to a sublicense from LMI, the
//  exclusive licensee of Linus Torvalds, owner of the mark on a world-wide basis.
//
//  Mentor Graphics software executing under x86-64 Linux
//
//
//  Starting time: Tue May 26 23:52:58 2026
//
Running /usr/mentor/calibre/cur/pkgs/icv/pvt/v2lvs -l core.v -l umc18_io_lvs.v -s core.spi -s umc18_io_lvs.spi -v CHIP.v -o CHIP.spi


Info: Creating Verilog Library Database ...
Info: Verilog Library Database Creation completed. CPU TIME = 0  REAL TIME = 0  MALLOC = 5/5/5  ELAPSED TIME = 1 

Info: Creating Design Database of Module Interfaces ...
Info: Design Database of Module Interfaces Creation completed. CPU TIME = 0  REAL TIME = 0  MALLOC = 6/6/6  ELAPSED TIME = 1 

Info: Creating Design Database of Module Instantiations ...
Info: Design Database of Module Instantiations Creation completed. CPU TIME = 0  REAL TIME = 0  MALLOC = 7/7/7  ELAPSED TIME = 1 
Info: 65 modules parsed, containing 11179 instances and 0 gate instance calls 

Info: Converting Design ...
Warning: Duplicate port/net name "n81" found in module "mult_pipe_5" while doing case-insensitive lookup
Warning: Duplicate port/net name "n82" found in module "mult_pipe_5" while doing case-insensitive lookup
Warning: Duplicate port/net name "n83" found in module "mult_pipe_5" while doing case-insensitive lookup
Warning: Duplicate port/net name "n84" found in module "mult_pipe_5" while doing case-insensitive lookup
Warning: Duplicate port/net name "n85" found in module "mult_pipe_5" while doing case-insensitive lookup
Warning: Duplicate port/net name "n86" found in module "mult_pipe_5" while doing case-insensitive lookup
Warning: Duplicate port/net name "n87" found in module "mult_pipe_5" while doing case-insensitive lookup
Warning: Duplicate port/net name "n88" found in module "mult_pipe_5" while doing case-insensitive lookup
Warning: Duplicate port/net name "n89" found in module "mult_pipe_5" while doing case-insensitive lookup
Warning: Duplicate port/net name "n90" found in module "mult_pipe_5" while doing case-insensitive lookup
Warning: Duplicate port/net name "n91" found in module "mult_pipe_5" while doing case-insensitive lookup
Warning: Duplicate port/net name "n92" found in module "mult_pipe_5" while doing case-insensitive lookup
Warning: Duplicate port/net name "n93" found in module "mult_pipe_5" while doing case-insensitive lookup
Warning: Duplicate port/net name "n94" found in module "mult_pipe_5" while doing case-insensitive lookup
Warning: Duplicate port/net name "n95" found in module "mult_pipe_5" while doing case-insensitive lookup
Warning: Duplicate port/net name "n96" found in module "mult_pipe_5" while doing case-insensitive lookup
Warning: Duplicate port/net name "n97" found in module "mult_pipe_5" while doing case-insensitive lookup
Warning: Duplicate port/net name "n98" found in module "mult_pipe_5" while doing case-insensitive lookup
Warning: Duplicate port/net name "n99" found in module "mult_pipe_5" while doing case-insensitive lookup
Warning: Duplicate port/net name "n36" found in module "mult_pipe_4" while doing case-insensitive lookup
Warning: Duplicate port/net name "n37" found in module "mult_pipe_4" while doing case-insensitive lookup
Warning: Duplicate port/net name "n85" found in module "mult_pipe_4" while doing case-insensitive lookup
Warning: Duplicate port/net name "n86" found in module "mult_pipe_4" while doing case-insensitive lookup
Warning: Duplicate port/net name "n87" found in module "mult_pipe_4" while doing case-insensitive lookup
Warning: Duplicate port/net name "n88" found in module "mult_pipe_4" while doing case-insensitive lookup
Warning: Duplicate port/net name "n89" found in module "mult_pipe_4" while doing case-insensitive lookup
Warning: Duplicate port/net name "n90" found in module "mult_pipe_4" while doing case-insensitive lookup
Warning: Duplicate port/net name "n91" found in module "mult_pipe_4" while doing case-insensitive lookup
Warning: Duplicate port/net name "n92" found in module "mult_pipe_4" while doing case-insensitive lookup
Warning: Duplicate port/net name "n93" found in module "mult_pipe_4" while doing case-insensitive lookup
Warning: Duplicate port/net name "n94" found in module "mult_pipe_4" while doing case-insensitive lookup
Warning: Duplicate port/net name "n95" found in module "mult_pipe_4" while doing case-insensitive lookup
Warning: Duplicate port/net name "n96" found in module "mult_pipe_4" while doing case-insensitive lookup
Warning: Duplicate port/net name "n97" found in module "mult_pipe_4" while doing case-insensitive lookup
Warning: Duplicate port/net name "n98" found in module "mult_pipe_4" while doing case-insensitive lookup
Warning: Duplicate port/net name "n99" found in module "mult_pipe_4" while doing case-insensitive lookup
Warning: Duplicate port/net name "n75" found in module "mult_pipe_3" while doing case-insensitive lookup
Warning: Duplicate port/net name "n76" found in module "mult_pipe_3" while doing case-insensitive lookup
Warning: Duplicate port/net name "n79" found in module "mult_pipe_3" while doing case-insensitive lookup
Warning: Duplicate port/net name "n80" found in module "mult_pipe_3" while doing case-insensitive lookup
Warning: Duplicate port/net name "n81" found in module "mult_pipe_3" while doing case-insensitive lookup
Warning: Duplicate port/net name "n82" found in module "mult_pipe_3" while doing case-insensitive lookup
Warning: Duplicate port/net name "n83" found in module "mult_pipe_3" while doing case-insensitive lookup
Warning: Duplicate port/net name "n84" found in module "mult_pipe_3" while doing case-insensitive lookup
Warning: Duplicate port/net name "n85" found in module "mult_pipe_3" while doing case-insensitive lookup
Warning: Duplicate port/net name "n86" found in module "mult_pipe_3" while doing case-insensitive lookup
Warning: Duplicate port/net name "n87" found in module "mult_pipe_3" while doing case-insensitive lookup
Warning: Duplicate port/net name "n88" found in module "mult_pipe_3" while doing case-insensitive lookup
Warning: Duplicate port/net name "n89" found in module "mult_pipe_3" while doing case-insensitive lookup
Warning: Duplicate port/net name "n90" found in module "mult_pipe_3" while doing case-insensitive lookup
Warning: Duplicate port/net name "n91" found in module "mult_pipe_3" while doing case-insensitive lookup
Warning: Duplicate port/net name "n92" found in module "mult_pipe_3" while doing case-insensitive lookup
Warning: Duplicate port/net name "n93" found in module "mult_pipe_3" while doing case-insensitive lookup
Warning: Duplicate port/net name "n94" found in module "mult_pipe_3" while doing case-insensitive lookup
Warning: Duplicate port/net name "n95" found in module "mult_pipe_3" while doing case-insensitive lookup
Warning: Duplicate port/net name "n96" found in module "mult_pipe_3" while doing case-insensitive lookup
Warning: Duplicate port/net name "n97" found in module "mult_pipe_3" while doing case-insensitive lookup
Warning: Duplicate port/net name "n98" found in module "mult_pipe_3" while doing case-insensitive lookup
Warning: Duplicate port/net name "n99" found in module "mult_pipe_3" while doing case-insensitive lookup
Warning: Duplicate port/net name "n59" found in module "mult_pipe_2" while doing case-insensitive lookup
Warning: Duplicate port/net name "n60" found in module "mult_pipe_2" while doing case-insensitive lookup
Warning: Duplicate port/net name "n61" found in module "mult_pipe_2" while doing case-insensitive lookup
Warning: Duplicate port/net name "n62" found in module "mult_pipe_2" while doing case-insensitive lookup
Warning: Duplicate port/net name "n63" found in module "mult_pipe_2" while doing case-insensitive lookup
Warning: Duplicate port/net name "n64" found in module "mult_pipe_2" while doing case-insensitive lookup
Warning: Duplicate port/net name "n65" found in module "mult_pipe_2" while doing case-insensitive lookup
Warning: Duplicate port/net name "n66" found in module "mult_pipe_2" while doing case-insensitive lookup
Warning: Duplicate port/net name "n67" found in module "mult_pipe_2" while doing case-insensitive lookup
Warning: Duplicate port/net name "n68" found in module "mult_pipe_2" while doing case-insensitive lookup
Warning: Duplicate port/net name "n69" found in module "mult_pipe_2" while doing case-insensitive lookup
Warning: Duplicate port/net name "n70" found in module "mult_pipe_2" while doing case-insensitive lookup
Warning: Duplicate port/net name "n71" found in module "mult_pipe_2" while doing case-insensitive lookup
Warning: Duplicate port/net name "n72" found in module "mult_pipe_2" while doing case-insensitive lookup
Warning: Duplicate port/net name "n73" found in module "mult_pipe_2" while doing case-insensitive lookup
Warning: Duplicate port/net name "n74" found in module "mult_pipe_2" while doing case-insensitive lookup
Warning: Duplicate port/net name "n75" found in module "mult_pipe_2" while doing case-insensitive lookup
Warning: Duplicate port/net name "n76" found in module "mult_pipe_2" while doing case-insensitive lookup
Warning: Duplicate port/net name "n77" found in module "mult_pipe_2" while doing case-insensitive lookup
Warning: Duplicate port/net name "n78" found in module "mult_pipe_2" while doing case-insensitive lookup
Warning: Duplicate port/net name "n79" found in module "mult_pipe_2" while doing case-insensitive lookup
Warning: Duplicate port/net name "n80" found in module "mult_pipe_2" while doing case-insensitive lookup
Warning: Duplicate port/net name "n81" found in module "mult_pipe_2" while doing case-insensitive lookup
Warning: Duplicate port/net name "n82" found in module "mult_pipe_2" while doing case-insensitive lookup
Warning: Duplicate port/net name "n83" found in module "mult_pipe_2" while doing case-insensitive lookup
Warning: Duplicate port/net name "n84" found in module "mult_pipe_2" while doing case-insensitive lookup
Warning: Duplicate port/net name "n85" found in module "mult_pipe_2" while doing case-insensitive lookup
Warning: Duplicate port/net name "n86" found in module "mult_pipe_2" while doing case-insensitive lookup
Warning: Duplicate port/net name "n87" found in module "mult_pipe_2" while doing case-insensitive lookup
Warning: Duplicate port/net name "n89" found in module "mult_pipe_2" while doing case-insensitive lookup
Warning: Duplicate port/net name "n90" found in module "mult_pipe_2" while doing case-insensitive lookup
Warning: Duplicate port/net name "n91" found in module "mult_pipe_2" while doing case-insensitive lookup
Warning: Duplicate port/net name "n92" found in module "mult_pipe_2" while doing case-insensitive lookup
Warning: Duplicate port/net name "n93" found in module "mult_pipe_2" while doing case-insensitive lookup
Warning: Duplicate port/net name "n94" found in module "mult_pipe_2" while doing case-insensitive lookup
Warning: Duplicate port/net name "n95" found in module "mult_pipe_2" while doing case-insensitive lookup
Warning: Duplicate port/net name "n96" found in module "mult_pipe_2" while doing case-insensitive lookup
Warning: Duplicate port/net name "n97" found in module "mult_pipe_2" while doing case-insensitive lookup
Warning: Duplicate port/net name "n98" found in module "mult_pipe_2" while doing case-insensitive lookup
Warning: Duplicate port/net name "n99" found in module "mult_pipe_2" while doing case-insensitive lookup
Warning: Duplicate port/net name "n56" found in module "mult_pipe_1" while doing case-insensitive lookup
Warning: Duplicate port/net name "n57" found in module "mult_pipe_1" while doing case-insensitive lookup
Warning: Duplicate port/net name "n58" found in module "mult_pipe_1" while doing case-insensitive lookup
Warning: Duplicate port/net name "n59" found in module "mult_pipe_1" while doing case-insensitive lookup
Warning: Duplicate port/net name "n60" found in module "mult_pipe_1" while doing case-insensitive lookup
Warning: Duplicate port/net name "n61" found in module "mult_pipe_1" while doing case-insensitive lookup
Warning: Duplicate port/net name "n62" found in module "mult_pipe_1" while doing case-insensitive lookup
Warning: Duplicate port/net name "n63" found in module "mult_pipe_1" while doing case-insensitive lookup
Warning: Duplicate port/net name "n64" found in module "mult_pipe_1" while doing case-insensitive lookup
Warning: Duplicate port/net name "n65" found in module "mult_pipe_1" while doing case-insensitive lookup
Warning: Duplicate port/net name "n66" found in module "mult_pipe_1" while doing case-insensitive lookup
Warning: Duplicate port/net name "n67" found in module "mult_pipe_1" while doing case-insensitive lookup
Warning: Duplicate port/net name "n68" found in module "mult_pipe_1" while doing case-insensitive lookup
Warning: Duplicate port/net name "n69" found in module "mult_pipe_1" while doing case-insensitive lookup
Warning: Duplicate port/net name "n70" found in module "mult_pipe_1" while doing case-insensitive lookup
Warning: Duplicate port/net name "n71" found in module "mult_pipe_1" while doing case-insensitive lookup
Warning: Duplicate port/net name "n72" found in module "mult_pipe_1" while doing case-insensitive lookup
Warning: Duplicate port/net name "n73" found in module "mult_pipe_1" while doing case-insensitive lookup
Warning: Duplicate port/net name "n74" found in module "mult_pipe_1" while doing case-insensitive lookup
Warning: Duplicate port/net name "n75" found in module "mult_pipe_1" while doing case-insensitive lookup
Warning: Duplicate port/net name "n76" found in module "mult_pipe_1" while doing case-insensitive lookup
Warning: Duplicate port/net name "n77" found in module "mult_pipe_1" while doing case-insensitive lookup
Warning: Duplicate port/net name "n78" found in module "mult_pipe_1" while doing case-insensitive lookup
Warning: Duplicate port/net name "n79" found in module "mult_pipe_1" while doing case-insensitive lookup
Warning: Duplicate port/net name "n80" found in module "mult_pipe_1" while doing case-insensitive lookup
Warning: Duplicate port/net name "n81" found in module "mult_pipe_1" while doing case-insensitive lookup
Warning: Duplicate port/net name "n82" found in module "mult_pipe_1" while doing case-insensitive lookup
Warning: Duplicate port/net name "n83" found in module "mult_pipe_1" while doing case-insensitive lookup
Warning: Duplicate port/net name "n84" found in module "mult_pipe_1" while doing case-insensitive lookup
Warning: Duplicate port/net name "n86" found in module "mult_pipe_1" while doing case-insensitive lookup
Warning: Duplicate port/net name "n87" found in module "mult_pipe_1" while doing case-insensitive lookup
Warning: Duplicate port/net name "n88" found in module "mult_pipe_1" while doing case-insensitive lookup
Warning: Duplicate port/net name "n89" found in module "mult_pipe_1" while doing case-insensitive lookup
Warning: Duplicate port/net name "n90" found in module "mult_pipe_1" while doing case-insensitive lookup
Warning: Duplicate port/net name "n91" found in module "mult_pipe_1" while doing case-insensitive lookup
Warning: Duplicate port/net name "n92" found in module "mult_pipe_1" while doing case-insensitive lookup
Warning: Duplicate port/net name "n93" found in module "mult_pipe_1" while doing case-insensitive lookup
Warning: Duplicate port/net name "n94" found in module "mult_pipe_1" while doing case-insensitive lookup
Warning: Duplicate port/net name "n95" found in module "mult_pipe_1" while doing case-insensitive lookup
Warning: Duplicate port/net name "n96" found in module "mult_pipe_1" while doing case-insensitive lookup
Warning: Duplicate port/net name "n97" found in module "mult_pipe_1" while doing case-insensitive lookup
Warning: Duplicate port/net name "n98" found in module "mult_pipe_1" while doing case-insensitive lookup
Warning: Duplicate port/net name "n99" found in module "mult_pipe_1" while doing case-insensitive lookup
Warning: Duplicate port/net name "n19" found in module "mult_pipe_0" while doing case-insensitive lookup
Warning: Duplicate port/net name "n20" found in module "mult_pipe_0" while doing case-insensitive lookup
Warning: Duplicate port/net name "n21" found in module "mult_pipe_0" while doing case-insensitive lookup
Warning: Duplicate port/net name "n22" found in module "mult_pipe_0" while doing case-insensitive lookup
Warning: Duplicate port/net name "n23" found in module "mult_pipe_0" while doing case-insensitive lookup
Warning: Duplicate port/net name "n24" found in module "mult_pipe_0" while doing case-insensitive lookup
Warning: Duplicate port/net name "n25" found in module "mult_pipe_0" while doing case-insensitive lookup
Warning: Duplicate port/net name "n27" found in module "mult_pipe_0" while doing case-insensitive lookup
Warning: Duplicate port/net name "n30" found in module "mult_pipe_0" while doing case-insensitive lookup
Warning: Duplicate port/net name "n31" found in module "mult_pipe_0" while doing case-insensitive lookup
Warning: Duplicate port/net name "n33" found in module "mult_pipe_0" while doing case-insensitive lookup
Warning: Duplicate port/net name "n45" found in module "mult_pipe_0" while doing case-insensitive lookup
Warning: Duplicate port/net name "n54" found in module "mult_pipe_0" while doing case-insensitive lookup
Warning: Duplicate port/net name "n55" found in module "mult_pipe_0" while doing case-insensitive lookup
Warning: Duplicate port/net name "n56" found in module "mult_pipe_0" while doing case-insensitive lookup
Warning: Duplicate port/net name "n57" found in module "mult_pipe_0" while doing case-insensitive lookup
Warning: Duplicate port/net name "n58" found in module "mult_pipe_0" while doing case-insensitive lookup
Warning: Duplicate port/net name "n59" found in module "mult_pipe_0" while doing case-insensitive lookup
Warning: Duplicate port/net name "n60" found in module "mult_pipe_0" while doing case-insensitive lookup
Warning: Duplicate port/net name "n61" found in module "mult_pipe_0" while doing case-insensitive lookup
Warning: Duplicate port/net name "n62" found in module "mult_pipe_0" while doing case-insensitive lookup
Warning: Duplicate port/net name "n63" found in module "mult_pipe_0" while doing case-insensitive lookup
Warning: Duplicate port/net name "n64" found in module "mult_pipe_0" while doing case-insensitive lookup
Warning: Duplicate port/net name "n65" found in module "mult_pipe_0" while doing case-insensitive lookup
Warning: Duplicate port/net name "n66" found in module "mult_pipe_0" while doing case-insensitive lookup
Warning: Duplicate port/net name "n68" found in module "mult_pipe_0" while doing case-insensitive lookup
Warning: Duplicate port/net name "n71" found in module "mult_pipe_0" while doing case-insensitive lookup
Warning: Duplicate port/net name "n72" found in module "mult_pipe_0" while doing case-insensitive lookup
Warning: Duplicate port/net name "n73" found in module "mult_pipe_0" while doing case-insensitive lookup
Warning: Duplicate port/net name "n74" found in module "mult_pipe_0" while doing case-insensitive lookup
Warning: Duplicate port/net name "n75" found in module "mult_pipe_0" while doing case-insensitive lookup
Warning: Duplicate port/net name "n77" found in module "mult_pipe_0" while doing case-insensitive lookup
Warning: Duplicate port/net name "n78" found in module "mult_pipe_0" while doing case-insensitive lookup
Warning: Duplicate port/net name "n79" found in module "mult_pipe_0" while doing case-insensitive lookup
Warning: Duplicate port/net name "n80" found in module "mult_pipe_0" while doing case-insensitive lookup
Warning: Duplicate port/net name "n81" found in module "mult_pipe_0" while doing case-insensitive lookup
Warning: Duplicate port/net name "n82" found in module "mult_pipe_0" while doing case-insensitive lookup
Warning: Duplicate port/net name "n84" found in module "mult_pipe_0" while doing case-insensitive lookup
Warning: Duplicate port/net name "n85" found in module "mult_pipe_0" while doing case-insensitive lookup
Warning: Duplicate port/net name "n86" found in module "mult_pipe_0" while doing case-insensitive lookup
Warning: Duplicate port/net name "n87" found in module "mult_pipe_0" while doing case-insensitive lookup
Warning: Duplicate port/net name "n88" found in module "mult_pipe_0" while doing case-insensitive lookup
Warning: Duplicate port/net name "n89" found in module "mult_pipe_0" while doing case-insensitive lookup
Warning: Duplicate port/net name "n90" found in module "mult_pipe_0" while doing case-insensitive lookup
Warning: Duplicate port/net name "n91" found in module "mult_pipe_0" while doing case-insensitive lookup
Warning: Duplicate port/net name "n92" found in module "mult_pipe_0" while doing case-insensitive lookup
Warning: Duplicate port/net name "n93" found in module "mult_pipe_0" while doing case-insensitive lookup
Warning: Duplicate port/net name "n94" found in module "mult_pipe_0" while doing case-insensitive lookup
Warning: Duplicate port/net name "n95" found in module "mult_pipe_0" while doing case-insensitive lookup
Warning: Duplicate port/net name "n96" found in module "mult_pipe_0" while doing case-insensitive lookup
Warning: Duplicate port/net name "n97" found in module "mult_pipe_0" while doing case-insensitive lookup
Warning: Duplicate port/net name "n98" found in module "mult_pipe_0" while doing case-insensitive lookup
Warning: Duplicate port/net name "n99" found in module "mult_pipe_0" while doing case-insensitive lookup
Info: Design Conversion completed. CPU TIME = 0  REAL TIME = 0  MALLOC = 11/11/11  ELAPSED TIME = 1 

TOTAL CPU TIME = 0  REAL TIME = 1  MALLOC = 11/11/11  ELAPSED TIME = 1 
